<?xml version="1.0" encoding="UTF-8"?>
<testsuite name="com.tairu.springboot.web.domain.posts.PostsRepositoryTest" tests="1" skipped="0" failures="0" errors="0" timestamp="2020-07-17T05:35:21" hostname="dongwkim.local" time="0.076">
  <properties/>
  <testcase name="게시글저장_불러오기" classname="com.tairu.springboot.web.domain.posts.PostsRepositoryTest" time="0.076"/>
  <system-out><![CDATA[2020-07-17 14:35:20.225  INFO 28062 --- [    Test worker] .b.t.c.SpringBootTestContextBootstrapper : Neither @ContextConfiguration nor @ContextHierarchy found for test class [com.tairu.springboot.web.domain.posts.PostsRepositoryTest], using SpringBootContextLoader
2020-07-17 14:35:20.226  INFO 28062 --- [    Test worker] o.s.t.c.support.AbstractContextLoader    : Could not detect default resource locations for test class [com.tairu.springboot.web.domain.posts.PostsRepositoryTest]: no resource found for suffixes {-context.xml, Context.groovy}.
2020-07-17 14:35:20.226  INFO 28062 --- [    Test worker] t.c.s.AnnotationConfigContextLoaderUtils : Could not detect default configuration classes for test class [com.tairu.springboot.web.domain.posts.PostsRepositoryTest]: PostsRepositoryTest does not declare any static, non-private, non-final, nested classes annotated with @Configuration.
2020-07-17 14:35:20.235  INFO 28062 --- [    Test worker] .b.t.c.SpringBootTestContextBootstrapper : Found @SpringBootConfiguration com.tairu.springboot.Application for test class com.tairu.springboot.web.domain.posts.PostsRepositoryTest
2020-07-17 14:35:20.236  INFO 28062 --- [    Test worker] .b.t.c.SpringBootTestContextBootstrapper : Loaded default TestExecutionListener class names from location [META-INF/spring.factories]: [org.springframework.security.test.context.support.WithSecurityContextTestExecutionListener, org.springframework.security.test.context.support.ReactorContextTestExecutionListener, org.springframework.boot.test.autoconfigure.restdocs.RestDocsTestExecutionListener, org.springframework.boot.test.autoconfigure.web.client.MockRestServiceServerResetTestExecutionListener, org.springframework.boot.test.autoconfigure.web.servlet.MockMvcPrintOnlyOnFailureTestExecutionListener, org.springframework.boot.test.autoconfigure.web.servlet.WebDriverTestExecutionListener, org.springframework.boot.test.mock.mockito.MockitoTestExecutionListener, org.springframework.boot.test.mock.mockito.ResetMocksTestExecutionListener, org.springframework.test.context.web.ServletTestExecutionListener, org.springframework.test.context.support.DirtiesContextBeforeModesTestExecutionListener, org.springframework.test.context.support.DependencyInjectionTestExecutionListener, org.springframework.test.context.support.DirtiesContextTestExecutionListener, org.springframework.test.context.transaction.TransactionalTestExecutionListener, org.springframework.test.context.jdbc.SqlScriptsTestExecutionListener]
2020-07-17 14:35:20.237  INFO 28062 --- [    Test worker] .b.t.c.SpringBootTestContextBootstrapper : Using TestExecutionListeners: [org.springframework.test.context.web.ServletTestExecutionListener@75705c22, org.springframework.test.context.support.DirtiesContextBeforeModesTestExecutionListener@64ba7325, org.springframework.boot.test.mock.mockito.MockitoTestExecutionListener@2ff94c9, org.springframework.boot.test.autoconfigure.SpringBootDependencyInjectionTestExecutionListener@7843b3b, org.springframework.test.context.support.DirtiesContextTestExecutionListener@7062e6a5, org.springframework.test.context.transaction.TransactionalTestExecutionListener@47f690d7, org.springframework.test.context.jdbc.SqlScriptsTestExecutionListener@39510d3c, org.springframework.security.test.context.support.WithSecurityContextTestExecutionListener@1f2ab4ce, org.springframework.security.test.context.support.ReactorContextTestExecutionListener@781a2e40, org.springframework.boot.test.autoconfigure.restdocs.RestDocsTestExecutionListener@b1979bc, org.springframework.boot.test.autoconfigure.web.client.MockRestServiceServerResetTestExecutionListener@3a90ad0e, org.springframework.boot.test.autoconfigure.web.servlet.MockMvcPrintOnlyOnFailureTestExecutionListener@7056f256, org.springframework.boot.test.autoconfigure.web.servlet.WebDriverTestExecutionListener@5997aa32, org.springframework.boot.test.mock.mockito.ResetMocksTestExecutionListener@1983ec25]

  .   ____          _            __ _ _
 /\\ / ___'_ __ _ _(_)_ __  __ _ \ \ \ \
( ( )\___ | '_ | '_| | '_ \/ _` | \ \ \ \
 \\/  ___)| |_)| | | | | || (_| |  ) ) ) )
  '  |____| .__|_| |_|_| |_\__, | / / / /
 =========|_|==============|___/=/_/_/_/
 :: Spring Boot ::        (v2.1.7.RELEASE)

2020-07-17 14:35:20.261  INFO 28062 --- [    Test worker] c.t.s.w.d.posts.PostsRepositoryTest      : Starting PostsRepositoryTest on dongwkim.local with PID 28062 (started by dongwkim in /Users/dongwkim/IdeaProjects/tairu-webservice)
2020-07-17 14:35:20.261  INFO 28062 --- [    Test worker] c.t.s.w.d.posts.PostsRepositoryTest      : No active profile set, falling back to default profiles: default
2020-07-17 14:35:20.393  INFO 28062 --- [    Test worker] .s.d.r.c.RepositoryConfigurationDelegate : Bootstrapping Spring Data repositories in DEFAULT mode.
2020-07-17 14:35:20.406  INFO 28062 --- [    Test worker] .s.d.r.c.RepositoryConfigurationDelegate : Finished Spring Data repository scanning in 13ms. Found 2 repository interfaces.
2020-07-17 14:35:20.490  INFO 28062 --- [    Test worker] trationDelegate$BeanPostProcessorChecker : Bean 'org.springframework.transaction.annotation.ProxyTransactionManagementConfiguration' of type [org.springframework.transaction.annotation.ProxyTransactionManagementConfiguration$$EnhancerBySpringCGLIB$$18bcf705] is not eligible for getting processed by all BeanPostProcessors (for example: not eligible for auto-proxying)
2020-07-17 14:35:20.568  INFO 28062 --- [    Test worker] com.zaxxer.hikari.HikariDataSource       : HikariPool-2 - Starting...
2020-07-17 14:35:20.568  INFO 28062 --- [    Test worker] com.zaxxer.hikari.HikariDataSource       : HikariPool-2 - Start completed.
2020-07-17 14:35:20.585  INFO 28062 --- [    Test worker] o.hibernate.jpa.internal.util.LogHelper  : HHH000204: Processing PersistenceUnitInfo [
	name: default
	...]
2020-07-17 14:35:20.591  INFO 28062 --- [    Test worker] org.hibernate.dialect.Dialect            : HHH000400: Using dialect: org.hibernate.dialect.MySQL5InnoDBDialect
Hibernate: drop table if exists posts
Hibernate: drop table if exists user
Hibernate: create table posts (id bigint not null auto_increment, created_date datetime, modified_date datetime, author varchar(255), content TEXT not null, title varchar(500) not null, primary key (id)) engine=InnoDB
Hibernate: create table user (id bigint not null auto_increment, created_date datetime, modified_date datetime, email varchar(255) not null, name varchar(255) not null, picture varchar(255), role varchar(255) not null, primary key (id)) engine=InnoDB
2020-07-17 14:35:20.624  INFO 28062 --- [    Test worker] o.h.t.schema.internal.SchemaCreatorImpl  : HHH000476: Executing import script 'org.hibernate.tool.schema.internal.exec.ScriptSourceInputNonExistentImpl@8452c6b'
2020-07-17 14:35:20.625  INFO 28062 --- [    Test worker] j.LocalContainerEntityManagerFactoryBean : Initialized JPA EntityManagerFactory for persistence unit 'default'
2020-07-17 14:35:20.745  INFO 28062 --- [    Test worker] o.h.h.i.QueryTranslatorFactoryInitiator  : HHH000397: Using ASTQueryTranslatorFactory
2020-07-17 14:35:20.827  INFO 28062 --- [    Test worker] o.s.s.web.DefaultSecurityFilterChain     : Creating filter chain: any request, [org.springframework.security.web.context.request.async.WebAsyncManagerIntegrationFilter@48970efa, org.springframework.security.web.context.SecurityContextPersistenceFilter@47ea137f, org.springframework.security.web.header.HeaderWriterFilter@627bfac, org.springframework.security.web.authentication.logout.LogoutFilter@65ce770c, org.springframework.security.oauth2.client.web.OAuth2AuthorizationRequestRedirectFilter@11512341, org.springframework.security.oauth2.client.web.OAuth2LoginAuthenticationFilter@5669528d, org.springframework.security.web.authentication.ui.DefaultLoginPageGeneratingFilter@7228f3dd, org.springframework.security.web.authentication.ui.DefaultLogoutPageGeneratingFilter@ec38914, org.springframework.security.web.savedrequest.RequestCacheAwareFilter@6c195f84, org.springframework.security.web.servletapi.SecurityContextHolderAwareRequestFilter@57784774, org.springframework.security.web.authentication.AnonymousAuthenticationFilter@1690e8a6, org.springframework.security.web.session.SessionManagementFilter@4ced230d, org.springframework.security.web.access.ExceptionTranslationFilter@4d3cdc8a, org.springframework.security.web.access.intercept.FilterSecurityInterceptor@6af58cf0]
2020-07-17 14:35:20.968  INFO 28062 --- [    Test worker] o.s.s.concurrent.ThreadPoolTaskExecutor  : Initializing ExecutorService 'applicationTaskExecutor'
2020-07-17 14:35:20.975  WARN 28062 --- [    Test worker] aWebConfiguration$JpaWebMvcConfiguration : spring.jpa.open-in-view is enabled by default. Therefore, database queries may be performed during view rendering. Explicitly configure spring.jpa.open-in-view to disable this warning
2020-07-17 14:35:20.989  INFO 28062 --- [    Test worker] o.s.b.a.w.s.WelcomePageHandlerMapping    : Adding welcome page template: index
2020-07-17 14:35:21.185  INFO 28062 --- [    Test worker] s.a.ScheduledAnnotationBeanPostProcessor : No TaskScheduler/ScheduledExecutorService bean found for scheduled processing
2020-07-17 14:35:21.186  INFO 28062 --- [    Test worker] c.t.s.w.d.posts.PostsRepositoryTest      : Started PostsRepositoryTest in 0.948 seconds (JVM running for 6.828)
Hibernate: insert into posts (created_date, modified_date, author, content, title) values (?, ?, ?, ?, ?)
Hibernate: select posts0_.id as id1_0_, posts0_.created_date as created_2_0_, posts0_.modified_date as modified3_0_, posts0_.author as author4_0_, posts0_.content as content5_0_, posts0_.title as title6_0_ from posts posts0_
Hibernate: select posts0_.id as id1_0_, posts0_.created_date as created_2_0_, posts0_.modified_date as modified3_0_, posts0_.author as author4_0_, posts0_.content as content5_0_, posts0_.title as title6_0_ from posts posts0_
Hibernate: delete from posts where id=?
]]></system-out>
  <system-err><![CDATA[]]></system-err>
</testsuite>
